Determining if the pthread_create exist failed with the following output:
Change Dir: /home/e419/caffe/build/CMakeFiles/CMakeTmp

Run Build Command:"/usr/bin/make" "cmTC_bc498/fast"
/usr/bin/make -f CMakeFiles/cmTC_bc498.dir/build.make CMakeFiles/cmTC_bc498.dir/build
make[1]: Entering directory '/home/e419/caffe/build/CMakeFiles/CMakeTmp'
Building C object CMakeFiles/cmTC_bc498.dir/CheckSymbolExists.c.o
/usr/bin/cc     -o CMakeFiles/cmTC_bc498.dir/CheckSymbolExists.c.o   -c /home/e419/caffe/build/CMakeFiles/CMakeTmp/CheckSymbolExists.c
Linking C executable cmTC_bc498
/usr/bin/cmake -E cmake_link_script CMakeFiles/cmTC_bc498.dir/link.txt --verbose=1
/usr/bin/cc       CMakeFiles/cmTC_bc498.dir/CheckSymbolExists.c.o  -o cmTC_bc498 -rdynamic 
CMakeFiles/cmTC_bc498.dir/CheckSymbolExists.c.o: In function `main':
CheckSymbolExists.c:(.text+0x16): undefined reference to `pthread_create'
collect2: error: ld returned 1 exit status
CMakeFiles/cmTC_bc498.dir/build.make:97: recipe for target 'cmTC_bc498' failed
make[1]: *** [cmTC_bc498] Error 1
make[1]: Leaving directory '/home/e419/caffe/build/CMakeFiles/CMakeTmp'
Makefile:126: recipe for target 'cmTC_bc498/fast' failed
make: *** [cmTC_bc498/fast] Error 2

File /home/e419/caffe/build/CMakeFiles/CMakeTmp/CheckSymbolExists.c:
/* */
#include <pthread.h>

int main(int argc, char** argv)
{
  (void)argv;
#ifndef pthread_create
  return ((int*)(&pthread_create))[argc];
#else
  (void)argc;
  return 0;
#endif
}

Determining if the function pthread_create exists in the pthreads failed with the following output:
Change Dir: /home/e419/caffe/build/CMakeFiles/CMakeTmp

Run Build Command:"/usr/bin/make" "cmTC_7676e/fast"
/usr/bin/make -f CMakeFiles/cmTC_7676e.dir/build.make CMakeFiles/cmTC_7676e.dir/build
make[1]: Entering directory '/home/e419/caffe/build/CMakeFiles/CMakeTmp'
Building C object CMakeFiles/cmTC_7676e.dir/CheckFunctionExists.c.o
/usr/bin/cc    -DCHECK_FUNCTION_EXISTS=pthread_create   -o CMakeFiles/cmTC_7676e.dir/CheckFunctionExists.c.o   -c /usr/share/cmake-3.5/Modules/CheckFunctionExists.c
Linking C executable cmTC_7676e
/usr/bin/cmake -E cmake_link_script CMakeFiles/cmTC_7676e.dir/link.txt --verbose=1
/usr/bin/cc   -DCHECK_FUNCTION_EXISTS=pthread_create    CMakeFiles/cmTC_7676e.dir/CheckFunctionExists.c.o  -o cmTC_7676e -rdynamic -lpthreads 
/usr/bin/ld: cannot find -lpthreads
collect2: error: ld returned 1 exit status
CMakeFiles/cmTC_7676e.dir/build.make:97: recipe for target 'cmTC_7676e' failed
make[1]: *** [cmTC_7676e] Error 1
make[1]: Leaving directory '/home/e419/caffe/build/CMakeFiles/CMakeTmp'
Makefile:126: recipe for target 'cmTC_7676e/fast' failed
make: *** [cmTC_7676e/fast] Error 2


